|--- feature_2 <= 44.50
|   |--- feature_5 <= 2.50
|   |   |--- feature_5 <= 1.50
|   |   |   |--- feature_2 <= 38.50
|   |   |   |   |--- feature_10 <= 0.50
|   |   |   |   |   |--- class: 0
|   |   |   |   |--- feature_10 >  0.50
|   |   |   |   |   |--- class: 0
|   |   |   |--- feature_2 >  38.50
|   |   |   |   |--- feature_10 <= 0.50
|   |   |   |   |   |--- class: 0
|   |   |   |   |--- feature_10 >  0.50
|   |   |   |   |   |--- class: 0
|   |   |--- feature_5 >  1.50
|   |   |   |--- feature_4 <= 0.43
|   |   |   |   |--- feature_2 <= 39.50
|   |   |   |   |   |--- class: 0
|   |   |   |   |--- feature_2 >  39.50
|   |   |   |   |   |--- class: 0
|   |   |   |--- feature_4 >  0.43
|   |   |   |   |--- feature_4 <= 0.82
|   |   |   |   |   |--- class: 0
|   |   |   |   |--- feature_4 >  0.82
|   |   |   |   |   |--- class: 1
|   |--- feature_5 >  2.50
|   |   |--- feature_4 <= 0.23
|   |   |   |--- feature_2 <= 37.50
|   |   |   |   |--- feature_8 <= 0.62
|   |   |   |   |   |--- class: 0
|   |   |   |   |--- feature_8 >  0.62
|   |   |   |   |   |--- class: 1
|   |   |   |--- feature_2 >  37.50
|   |   |   |   |--- feature_10 <= 0.50
|   |   |   |   |   |--- class: 1
|   |   |   |   |--- feature_10 >  0.50
|   |   |   |   |   |--- class: 0
|   |   |--- feature_4 >  0.23
|   |   |   |--- feature_8 <= 0.94
|   |   |   |   |--- feature_1 <= 0.50
|   |   |   |   |   |--- class: 1
|   |   |   |   |--- feature_1 >  0.50
|   |   |   |   |   |--- class: 1
|   |   |   |--- feature_8 >  0.94
|   |   |   |   |--- feature_3 <= 5.00
|   |   |   |   |   |--- class: 0
|   |   |   |   |--- feature_3 >  5.00
|   |   |   |   |   |--- class: 1
|--- feature_2 >  44.50
|   |--- feature_7 <= 0.50
|   |   |--- feature_2 <= 51.50
|   |   |   |--- feature_5 <= 1.50
|   |   |   |   |--- feature_10 <= 0.50
|   |   |   |   |   |--- class: 1
|   |   |   |   |--- feature_10 >  0.50
|   |   |   |   |   |--- class: 1
|   |   |   |--- feature_5 >  1.50
|   |   |   |   |--- feature_5 <= 2.50
|   |   |   |   |   |--- class: 0
|   |   |   |   |--- feature_5 >  2.50
|   |   |   |   |   |--- class: 1
|   |   |--- feature_2 >  51.50
|   |   |   |--- feature_2 <= 73.50
|   |   |   |   |--- feature_8 <= 0.01
|   |   |   |   |   |--- class: 0
|   |   |   |   |--- feature_8 >  0.01
|   |   |   |   |   |--- class: 1
|   |   |   |--- feature_2 >  73.50
|   |   |   |   |--- feature_8 <= 0.85
|   |   |   |   |   |--- class: 0
|   |   |   |   |--- feature_8 >  0.85
|   |   |   |   |   |--- class: 1
|   |--- feature_7 >  0.50
|   |   |--- feature_5 <= 2.50
|   |   |   |--- feature_5 <= 1.50
|   |   |   |   |--- feature_2 <= 57.50
|   |   |   |   |   |--- class: 0
|   |   |   |   |--- feature_2 >  57.50
|   |   |   |   |   |--- class: 0
|   |   |   |--- feature_5 >  1.50
|   |   |   |   |--- feature_4 <= 0.27
|   |   |   |   |   |--- class: 0
|   |   |   |   |--- feature_4 >  0.27
|   |   |   |   |   |--- class: 0
|   |   |--- feature_5 >  2.50
|   |   |   |--- feature_2 <= 65.50
|   |   |   |   |--- class: 1
|   |   |   |--- feature_2 >  65.50
|   |   |   |   |--- class: 0
